2023-11-16 18:18:05.222 [info] Extension host with pid 18203 started
2023-11-16 18:18:05.236 [error] Error: EEXIST: file already exists, open '/home/elorrieta/.vscode-server/data/User/workspaceStorage/a9429b3b43bb25e7f9bc6aac791bf73c/vscode.lock'
2023-11-16 18:18:05.239 [info] Lock '/home/elorrieta/.vscode-server/data/User/workspaceStorage/a9429b3b43bb25e7f9bc6aac791bf73c/vscode.lock': Could not acquire lock, checking if the file is stale.
2023-11-16 18:18:05.276 [info] Lock '/home/elorrieta/.vscode-server/data/User/workspaceStorage/a9429b3b43bb25e7f9bc6aac791bf73c/vscode.lock': The lock does not look stale, elapsed: 346 ms, giving up.
2023-11-16 18:18:05.330 [info] Lock '/home/elorrieta/.vscode-server/data/User/workspaceStorage/a9429b3b43bb25e7f9bc6aac791bf73c-1/vscode.lock': Lock acquired.
2023-11-16 18:18:05.531 [info] ExtensionService#_doActivateExtension vscode.emmet, startup: false, activationEvent: 'onLanguage'
2023-11-16 18:18:05.538 [info] ExtensionService#_doActivateExtension vscode.git-base, startup: false, activationEvent: '*', root cause: vscode.git
2023-11-16 18:18:05.538 [info] ExtensionService#_doActivateExtension vscode.php-language-features, startup: false, activationEvent: 'onLanguage:php'
2023-11-16 18:18:05.787 [info] ExtensionService#_doActivateExtension vscode.git, startup: false, activationEvent: '*'
2023-11-16 18:18:05.787 [info] ExtensionService#_doActivateExtension vscode.github, startup: false, activationEvent: '*'
2023-11-16 18:18:06.059 [info] ExtensionService#_doActivateExtension vscode.npm, startup: true, activationEvent: 'workspaceContains:package.json'
2023-11-16 18:18:06.308 [info] Eager extensions activated
2023-11-16 18:18:06.308 [info] ExtensionService#_doActivateExtension vscode.debug-auto-launch, startup: false, activationEvent: 'onStartupFinished'
2023-11-16 18:18:06.309 [info] ExtensionService#_doActivateExtension vscode.merge-conflict, startup: false, activationEvent: 'onStartupFinished'
2023-11-16 18:20:53.363 [info] ExtensionService#_doActivateExtension vscode.extension-editing, startup: false, activationEvent: 'onLanguage:json'
2023-11-16 18:20:53.365 [info] ExtensionService#_doActivateExtension vscode.json-language-features, startup: false, activationEvent: 'onLanguage:json'
2023-11-16 18:21:09.461 [info] ExtensionService#_doActivateExtension vscode.typescript-language-features, startup: false, activationEvent: 'onLanguage:javascript'
2023-11-16 18:21:10.560 [info] ExtensionService#_doActivateExtension vscode.css-language-features, startup: false, activationEvent: 'onLanguage:css'
2023-11-16 18:34:19.703 [warning] vscode.json-language-features - Code actions of kind 'quickfix 'requested but returned code action is of kind 'source.sort.json'. Code action will be dropped. Please check 'CodeActionContext.only' to only return requested code actions.
2023-11-16 18:34:23.478 [warning] vscode.json-language-features - Code actions of kind 'quickfix 'requested but returned code action is of kind 'source.sort.json'. Code action will be dropped. Please check 'CodeActionContext.only' to only return requested code actions.
2023-11-16 19:15:14.352 [info] Extension host terminating: received terminate message from renderer
2023-11-16 19:15:14.355 [info] Lock '/home/elorrieta/.vscode-server/data/User/workspaceStorage/a9429b3b43bb25e7f9bc6aac791bf73c-1/vscode.lock': Marking the lockfile as scheduled to be released in 6000 ms.
2023-11-16 19:15:14.427 [info] Extension host with pid 18203 exiting with code 0
