*
* Visual Studio Code Server
*
* By using the software, you agree to
* the Visual Studio Code Server License Terms (https://aka.ms/vscode-server-license) and
* the Microsoft Privacy Statement (https://privacy.microsoft.com/en-US/privacystatement).
*
Server bound to 127.0.0.1:41355 (IPv4)
Extension host agent listening on 41355

[07:04:15] 




[07:04:15] Extension host agent started.
[07:04:15] [127.0.0.1][688ca5de][ManagementConnection] New connection established.
[07:04:15] [127.0.0.1][8c2db080][ExtensionHostConnection] New connection established.
[07:04:15] [127.0.0.1][8c2db080][ExtensionHostConnection] <1638> Launched Extension Host Process.
rejected promise not handled within 1 second: CodeExpectedError: Could not find pty on pty host
stack trace: CodeExpectedError: Could not find pty on pty host
    at L.U (/home/elorrieta/.vscode-server/bin/1a5daa3a0231a0fbba4f14db7ec463cf99d7768e/out/vs/platform/terminal/node/ptyHostMain.js:43:32314)
    at L.updateIcon (/home/elorrieta/.vscode-server/bin/1a5daa3a0231a0fbba4f14db7ec463cf99d7768e/out/vs/platform/terminal/node/ptyHostMain.js:43:27526)
    at W.<computed> (/home/elorrieta/.vscode-server/bin/1a5daa3a0231a0fbba4f14db7ec463cf99d7768e/out/vs/platform/terminal/node/ptyHostMain.js:43:22722)
    at Object.call (/home/elorrieta/.vscode-server/bin/1a5daa3a0231a0fbba4f14db7ec463cf99d7768e/out/vs/platform/terminal/node/ptyHostMain.js:34:5005)
    at c.s (/home/elorrieta/.vscode-server/bin/1a5daa3a0231a0fbba4f14db7ec463cf99d7768e/out/vs/platform/terminal/node/ptyHostMain.js:32:5118)
    at c.q (/home/elorrieta/.vscode-server/bin/1a5daa3a0231a0fbba4f14db7ec463cf99d7768e/out/vs/platform/terminal/node/ptyHostMain.js:32:4641)
    at g.value (/home/elorrieta/.vscode-server/bin/1a5daa3a0231a0fbba4f14db7ec463cf99d7768e/out/vs/platform/terminal/node/ptyHostMain.js:32:4052)
    at r.y (/home/elorrieta/.vscode-server/bin/1a5daa3a0231a0fbba4f14db7ec463cf99d7768e/out/vs/platform/terminal/node/ptyHostMain.js:27:1902)
    at r.fire (/home/elorrieta/.vscode-server/bin/1a5daa3a0231a0fbba4f14db7ec463cf99d7768e/out/vs/platform/terminal/node/ptyHostMain.js:27:2119)
    at process.le (/home/elorrieta/.vscode-server/bin/1a5daa3a0231a0fbba4f14db7ec463cf99d7768e/out/vs/platform/terminal/node/ptyHostMain.js:25:9948)
    at process.emit (node:events:513:28)
    at emit (node:internal/child_process:937:14)
    at process.processTicksAndRejections (node:internal/process/task_queues:83:21)
[07:04:19] Error [CodeExpectedError]: Could not find pty on pty host
    at L.U (/home/elorrieta/.vscode-server/bin/1a5daa3a0231a0fbba4f14db7ec463cf99d7768e/out/vs/platform/terminal/node/ptyHostMain.js:43:32314)
    at L.updateIcon (/home/elorrieta/.vscode-server/bin/1a5daa3a0231a0fbba4f14db7ec463cf99d7768e/out/vs/platform/terminal/node/ptyHostMain.js:43:27526)
    at W.<computed> (/home/elorrieta/.vscode-server/bin/1a5daa3a0231a0fbba4f14db7ec463cf99d7768e/out/vs/platform/terminal/node/ptyHostMain.js:43:22722)
    at Object.call (/home/elorrieta/.vscode-server/bin/1a5daa3a0231a0fbba4f14db7ec463cf99d7768e/out/vs/platform/terminal/node/ptyHostMain.js:34:5005)
    at c.s (/home/elorrieta/.vscode-server/bin/1a5daa3a0231a0fbba4f14db7ec463cf99d7768e/out/vs/platform/terminal/node/ptyHostMain.js:32:5118)
    at c.q (/home/elorrieta/.vscode-server/bin/1a5daa3a0231a0fbba4f14db7ec463cf99d7768e/out/vs/platform/terminal/node/ptyHostMain.js:32:4641)
    at g.value (/home/elorrieta/.vscode-server/bin/1a5daa3a0231a0fbba4f14db7ec463cf99d7768e/out/vs/platform/terminal/node/ptyHostMain.js:32:4052)
    at r.y (/home/elorrieta/.vscode-server/bin/1a5daa3a0231a0fbba4f14db7ec463cf99d7768e/out/vs/platform/terminal/node/ptyHostMain.js:27:1902)
    at r.fire (/home/elorrieta/.vscode-server/bin/1a5daa3a0231a0fbba4f14db7ec463cf99d7768e/out/vs/platform/terminal/node/ptyHostMain.js:27:2119)
    at process.le (/home/elorrieta/.vscode-server/bin/1a5daa3a0231a0fbba4f14db7ec463cf99d7768e/out/vs/platform/terminal/node/ptyHostMain.js:25:9948)
    at process.emit (node:events:513:28)
    at emit (node:internal/child_process:937:14)
    at process.processTicksAndRejections (node:internal/process/task_queues:83:21)
rejected promise not handled within 1 second: CodeExpectedError: Could not find pty on pty host
stack trace: CodeExpectedError: Could not find pty on pty host
    at L.U (/home/elorrieta/.vscode-server/bin/1a5daa3a0231a0fbba4f14db7ec463cf99d7768e/out/vs/platform/terminal/node/ptyHostMain.js:43:32314)
    at L.updateTitle (/home/elorrieta/.vscode-server/bin/1a5daa3a0231a0fbba4f14db7ec463cf99d7768e/out/vs/platform/terminal/node/ptyHostMain.js:43:27475)
    at W.<computed> (/home/elorrieta/.vscode-server/bin/1a5daa3a0231a0fbba4f14db7ec463cf99d7768e/out/vs/platform/terminal/node/ptyHostMain.js:43:22722)
    at Object.call (/home/elorrieta/.vscode-server/bin/1a5daa3a0231a0fbba4f14db7ec463cf99d7768e/out/vs/platform/terminal/node/ptyHostMain.js:34:5005)
    at c.s (/home/elorrieta/.vscode-server/bin/1a5daa3a0231a0fbba4f14db7ec463cf99d7768e/out/vs/platform/terminal/node/ptyHostMain.js:32:5118)
    at c.q (/home/elorrieta/.vscode-server/bin/1a5daa3a0231a0fbba4f14db7ec463cf99d7768e/out/vs/platform/terminal/node/ptyHostMain.js:32:4641)
    at g.value (/home/elorrieta/.vscode-server/bin/1a5daa3a0231a0fbba4f14db7ec463cf99d7768e/out/vs/platform/terminal/node/ptyHostMain.js:32:4052)
    at r.y (/home/elorrieta/.vscode-server/bin/1a5daa3a0231a0fbba4f14db7ec463cf99d7768e/out/vs/platform/terminal/node/ptyHostMain.js:27:1902)
    at r.fire (/home/elorrieta/.vscode-server/bin/1a5daa3a0231a0fbba4f14db7ec463cf99d7768e/out/vs/platform/terminal/node/ptyHostMain.js:27:2119)
    at process.le (/home/elorrieta/.vscode-server/bin/1a5daa3a0231a0fbba4f14db7ec463cf99d7768e/out/vs/platform/terminal/node/ptyHostMain.js:25:9948)
    at process.emit (node:events:513:28)
    at emit (node:internal/child_process:937:14)
    at process.processTicksAndRejections (node:internal/process/task_queues:83:21)
[07:04:19] Error [CodeExpectedError]: Could not find pty on pty host
    at L.U (/home/elorrieta/.vscode-server/bin/1a5daa3a0231a0fbba4f14db7ec463cf99d7768e/out/vs/platform/terminal/node/ptyHostMain.js:43:32314)
    at L.updateTitle (/home/elorrieta/.vscode-server/bin/1a5daa3a0231a0fbba4f14db7ec463cf99d7768e/out/vs/platform/terminal/node/ptyHostMain.js:43:27475)
    at W.<computed> (/home/elorrieta/.vscode-server/bin/1a5daa3a0231a0fbba4f14db7ec463cf99d7768e/out/vs/platform/terminal/node/ptyHostMain.js:43:22722)
    at Object.call (/home/elorrieta/.vscode-server/bin/1a5daa3a0231a0fbba4f14db7ec463cf99d7768e/out/vs/platform/terminal/node/ptyHostMain.js:34:5005)
    at c.s (/home/elorrieta/.vscode-server/bin/1a5daa3a0231a0fbba4f14db7ec463cf99d7768e/out/vs/platform/terminal/node/ptyHostMain.js:32:5118)
    at c.q (/home/elorrieta/.vscode-server/bin/1a5daa3a0231a0fbba4f14db7ec463cf99d7768e/out/vs/platform/terminal/node/ptyHostMain.js:32:4641)
    at g.value (/home/elorrieta/.vscode-server/bin/1a5daa3a0231a0fbba4f14db7ec463cf99d7768e/out/vs/platform/terminal/node/ptyHostMain.js:32:4052)
    at r.y (/home/elorrieta/.vscode-server/bin/1a5daa3a0231a0fbba4f14db7ec463cf99d7768e/out/vs/platform/terminal/node/ptyHostMain.js:27:1902)
    at r.fire (/home/elorrieta/.vscode-server/bin/1a5daa3a0231a0fbba4f14db7ec463cf99d7768e/out/vs/platform/terminal/node/ptyHostMain.js:27:2119)
    at process.le (/home/elorrieta/.vscode-server/bin/1a5daa3a0231a0fbba4f14db7ec463cf99d7768e/out/vs/platform/terminal/node/ptyHostMain.js:25:9948)
    at process.emit (node:events:513:28)
    at emit (node:internal/child_process:937:14)
    at process.processTicksAndRejections (node:internal/process/task_queues:83:21)
New EH opened, aborting shutdown
[07:09:15] New EH opened, aborting shutdown
