*
* Visual Studio Code Server
*
* By using the software, you agree to
* the Visual Studio Code Server License Terms (https://aka.ms/vscode-server-license) and
* the Microsoft Privacy Statement (https://privacy.microsoft.com/en-US/privacystatement).
*
Server bound to 127.0.0.1:44405 (IPv4)
Extension host agent listening on 44405

[18:09:25] 




[18:09:25] Extension host agent started.
[18:09:25] [127.0.0.1][78317924][ExtensionHostConnection] New connection established.
[18:09:25] [127.0.0.1][fbcc7e81][ManagementConnection] New connection established.
[18:09:26] [127.0.0.1][78317924][ExtensionHostConnection] <16910> Launched Extension Host Process.
rejected promise not handled within 1 second: CodeExpectedError: Could not find pty on pty host
stack trace: CodeExpectedError: Could not find pty on pty host
    at A.U (/home/elorrieta/.vscode-server/bin/f1b07bd25dfad64b0167beb15359ae573aecd2cc/out/vs/platform/terminal/node/ptyHostMain.js:44:32246)
    at A.updateTitle (/home/elorrieta/.vscode-server/bin/f1b07bd25dfad64b0167beb15359ae573aecd2cc/out/vs/platform/terminal/node/ptyHostMain.js:44:27446)
    at V.<computed> (/home/elorrieta/.vscode-server/bin/f1b07bd25dfad64b0167beb15359ae573aecd2cc/out/vs/platform/terminal/node/ptyHostMain.js:44:22715)
    at Object.call (/home/elorrieta/.vscode-server/bin/f1b07bd25dfad64b0167beb15359ae573aecd2cc/out/vs/platform/terminal/node/ptyHostMain.js:34:5059)
    at h.s (/home/elorrieta/.vscode-server/bin/f1b07bd25dfad64b0167beb15359ae573aecd2cc/out/vs/platform/terminal/node/ptyHostMain.js:32:5150)
    at h.q (/home/elorrieta/.vscode-server/bin/f1b07bd25dfad64b0167beb15359ae573aecd2cc/out/vs/platform/terminal/node/ptyHostMain.js:32:4661)
    at g.value (/home/elorrieta/.vscode-server/bin/f1b07bd25dfad64b0167beb15359ae573aecd2cc/out/vs/platform/terminal/node/ptyHostMain.js:32:4066)
    at n.z (/home/elorrieta/.vscode-server/bin/f1b07bd25dfad64b0167beb15359ae573aecd2cc/out/vs/platform/terminal/node/ptyHostMain.js:27:1902)
    at n.fire (/home/elorrieta/.vscode-server/bin/f1b07bd25dfad64b0167beb15359ae573aecd2cc/out/vs/platform/terminal/node/ptyHostMain.js:27:2119)
    at process.he (/home/elorrieta/.vscode-server/bin/f1b07bd25dfad64b0167beb15359ae573aecd2cc/out/vs/platform/terminal/node/ptyHostMain.js:25:9949)
    at process.emit (node:events:513:28)
    at emit (node:internal/child_process:937:14)
    at process.processTicksAndRejections (node:internal/process/task_queues:83:21)
[18:09:27] Error [CodeExpectedError]: Could not find pty on pty host
    at A.U (/home/elorrieta/.vscode-server/bin/f1b07bd25dfad64b0167beb15359ae573aecd2cc/out/vs/platform/terminal/node/ptyHostMain.js:44:32246)
    at A.updateTitle (/home/elorrieta/.vscode-server/bin/f1b07bd25dfad64b0167beb15359ae573aecd2cc/out/vs/platform/terminal/node/ptyHostMain.js:44:27446)
    at V.<computed> (/home/elorrieta/.vscode-server/bin/f1b07bd25dfad64b0167beb15359ae573aecd2cc/out/vs/platform/terminal/node/ptyHostMain.js:44:22715)
    at Object.call (/home/elorrieta/.vscode-server/bin/f1b07bd25dfad64b0167beb15359ae573aecd2cc/out/vs/platform/terminal/node/ptyHostMain.js:34:5059)
    at h.s (/home/elorrieta/.vscode-server/bin/f1b07bd25dfad64b0167beb15359ae573aecd2cc/out/vs/platform/terminal/node/ptyHostMain.js:32:5150)
    at h.q (/home/elorrieta/.vscode-server/bin/f1b07bd25dfad64b0167beb15359ae573aecd2cc/out/vs/platform/terminal/node/ptyHostMain.js:32:4661)
    at g.value (/home/elorrieta/.vscode-server/bin/f1b07bd25dfad64b0167beb15359ae573aecd2cc/out/vs/platform/terminal/node/ptyHostMain.js:32:4066)
    at n.z (/home/elorrieta/.vscode-server/bin/f1b07bd25dfad64b0167beb15359ae573aecd2cc/out/vs/platform/terminal/node/ptyHostMain.js:27:1902)
    at n.fire (/home/elorrieta/.vscode-server/bin/f1b07bd25dfad64b0167beb15359ae573aecd2cc/out/vs/platform/terminal/node/ptyHostMain.js:27:2119)
    at process.he (/home/elorrieta/.vscode-server/bin/f1b07bd25dfad64b0167beb15359ae573aecd2cc/out/vs/platform/terminal/node/ptyHostMain.js:25:9949)
    at process.emit (node:events:513:28)
    at emit (node:internal/child_process:937:14)
    at process.processTicksAndRejections (node:internal/process/task_queues:83:21)
Got delay-shutdown request while in shutdown timeout, delaying
[18:13:58] Got delay-shutdown request while in shutdown timeout, delaying
Cancelling previous shutdown timeout
[18:13:58] Cancelling previous shutdown timeout
[18:13:58] [127.0.0.1][fbcc7e81][ManagementConnection] The client has reconnected.
rejected promise not handled within 1 second: CodeExpectedError: Could not find pty on pty host
stack trace: CodeExpectedError: Could not find pty on pty host
    at A.U (/home/elorrieta/.vscode-server/bin/f1b07bd25dfad64b0167beb15359ae573aecd2cc/out/vs/platform/terminal/node/ptyHostMain.js:44:32246)
    at A.updateIcon (/home/elorrieta/.vscode-server/bin/f1b07bd25dfad64b0167beb15359ae573aecd2cc/out/vs/platform/terminal/node/ptyHostMain.js:44:27496)
    at V.<computed> (/home/elorrieta/.vscode-server/bin/f1b07bd25dfad64b0167beb15359ae573aecd2cc/out/vs/platform/terminal/node/ptyHostMain.js:44:22715)
    at Object.call (/home/elorrieta/.vscode-server/bin/f1b07bd25dfad64b0167beb15359ae573aecd2cc/out/vs/platform/terminal/node/ptyHostMain.js:34:5059)
    at h.s (/home/elorrieta/.vscode-server/bin/f1b07bd25dfad64b0167beb15359ae573aecd2cc/out/vs/platform/terminal/node/ptyHostMain.js:32:5150)
    at h.q (/home/elorrieta/.vscode-server/bin/f1b07bd25dfad64b0167beb15359ae573aecd2cc/out/vs/platform/terminal/node/ptyHostMain.js:32:4661)
    at g.value (/home/elorrieta/.vscode-server/bin/f1b07bd25dfad64b0167beb15359ae573aecd2cc/out/vs/platform/terminal/node/ptyHostMain.js:32:4066)
    at n.z (/home/elorrieta/.vscode-server/bin/f1b07bd25dfad64b0167beb15359ae573aecd2cc/out/vs/platform/terminal/node/ptyHostMain.js:27:1902)
    at n.fire (/home/elorrieta/.vscode-server/bin/f1b07bd25dfad64b0167beb15359ae573aecd2cc/out/vs/platform/terminal/node/ptyHostMain.js:27:2119)
    at process.he (/home/elorrieta/.vscode-server/bin/f1b07bd25dfad64b0167beb15359ae573aecd2cc/out/vs/platform/terminal/node/ptyHostMain.js:25:9949)
    at process.emit (node:events:513:28)
    at emit (node:internal/child_process:937:14)
    at process.processTicksAndRejections (node:internal/process/task_queues:83:21)
[18:13:59] Error [CodeExpectedError]: Could not find pty on pty host
    at A.U (/home/elorrieta/.vscode-server/bin/f1b07bd25dfad64b0167beb15359ae573aecd2cc/out/vs/platform/terminal/node/ptyHostMain.js:44:32246)
    at A.updateIcon (/home/elorrieta/.vscode-server/bin/f1b07bd25dfad64b0167beb15359ae573aecd2cc/out/vs/platform/terminal/node/ptyHostMain.js:44:27496)
    at V.<computed> (/home/elorrieta/.vscode-server/bin/f1b07bd25dfad64b0167beb15359ae573aecd2cc/out/vs/platform/terminal/node/ptyHostMain.js:44:22715)
    at Object.call (/home/elorrieta/.vscode-server/bin/f1b07bd25dfad64b0167beb15359ae573aecd2cc/out/vs/platform/terminal/node/ptyHostMain.js:34:5059)
    at h.s (/home/elorrieta/.vscode-server/bin/f1b07bd25dfad64b0167beb15359ae573aecd2cc/out/vs/platform/terminal/node/ptyHostMain.js:32:5150)
    at h.q (/home/elorrieta/.vscode-server/bin/f1b07bd25dfad64b0167beb15359ae573aecd2cc/out/vs/platform/terminal/node/ptyHostMain.js:32:4661)
    at g.value (/home/elorrieta/.vscode-server/bin/f1b07bd25dfad64b0167beb15359ae573aecd2cc/out/vs/platform/terminal/node/ptyHostMain.js:32:4066)
    at n.z (/home/elorrieta/.vscode-server/bin/f1b07bd25dfad64b0167beb15359ae573aecd2cc/out/vs/platform/terminal/node/ptyHostMain.js:27:1902)
    at n.fire (/home/elorrieta/.vscode-server/bin/f1b07bd25dfad64b0167beb15359ae573aecd2cc/out/vs/platform/terminal/node/ptyHostMain.js:27:2119)
    at process.he (/home/elorrieta/.vscode-server/bin/f1b07bd25dfad64b0167beb15359ae573aecd2cc/out/vs/platform/terminal/node/ptyHostMain.js:25:9949)
    at process.emit (node:events:513:28)
    at emit (node:internal/child_process:937:14)
    at process.processTicksAndRejections (node:internal/process/task_queues:83:21)
rejected promise not handled within 1 second: CodeExpectedError: Could not find pty on pty host
stack trace: CodeExpectedError: Could not find pty on pty host
    at A.U (/home/elorrieta/.vscode-server/bin/f1b07bd25dfad64b0167beb15359ae573aecd2cc/out/vs/platform/terminal/node/ptyHostMain.js:44:32246)
    at A.updateTitle (/home/elorrieta/.vscode-server/bin/f1b07bd25dfad64b0167beb15359ae573aecd2cc/out/vs/platform/terminal/node/ptyHostMain.js:44:27446)
    at V.<computed> (/home/elorrieta/.vscode-server/bin/f1b07bd25dfad64b0167beb15359ae573aecd2cc/out/vs/platform/terminal/node/ptyHostMain.js:44:22715)
    at Object.call (/home/elorrieta/.vscode-server/bin/f1b07bd25dfad64b0167beb15359ae573aecd2cc/out/vs/platform/terminal/node/ptyHostMain.js:34:5059)
    at h.s (/home/elorrieta/.vscode-server/bin/f1b07bd25dfad64b0167beb15359ae573aecd2cc/out/vs/platform/terminal/node/ptyHostMain.js:32:5150)
    at h.q (/home/elorrieta/.vscode-server/bin/f1b07bd25dfad64b0167beb15359ae573aecd2cc/out/vs/platform/terminal/node/ptyHostMain.js:32:4661)
    at g.value (/home/elorrieta/.vscode-server/bin/f1b07bd25dfad64b0167beb15359ae573aecd2cc/out/vs/platform/terminal/node/ptyHostMain.js:32:4066)
    at n.z (/home/elorrieta/.vscode-server/bin/f1b07bd25dfad64b0167beb15359ae573aecd2cc/out/vs/platform/terminal/node/ptyHostMain.js:27:1902)
    at n.fire (/home/elorrieta/.vscode-server/bin/f1b07bd25dfad64b0167beb15359ae573aecd2cc/out/vs/platform/terminal/node/ptyHostMain.js:27:2119)
    at process.he (/home/elorrieta/.vscode-server/bin/f1b07bd25dfad64b0167beb15359ae573aecd2cc/out/vs/platform/terminal/node/ptyHostMain.js:25:9949)
    at process.emit (node:events:513:28)
    at emit (node:internal/child_process:937:14)
    at process.processTicksAndRejections (node:internal/process/task_queues:83:21)
[18:13:59] Error [CodeExpectedError]: Could not find pty on pty host
    at A.U (/home/elorrieta/.vscode-server/bin/f1b07bd25dfad64b0167beb15359ae573aecd2cc/out/vs/platform/terminal/node/ptyHostMain.js:44:32246)
    at A.updateTitle (/home/elorrieta/.vscode-server/bin/f1b07bd25dfad64b0167beb15359ae573aecd2cc/out/vs/platform/terminal/node/ptyHostMain.js:44:27446)
    at V.<computed> (/home/elorrieta/.vscode-server/bin/f1b07bd25dfad64b0167beb15359ae573aecd2cc/out/vs/platform/terminal/node/ptyHostMain.js:44:22715)
    at Object.call (/home/elorrieta/.vscode-server/bin/f1b07bd25dfad64b0167beb15359ae573aecd2cc/out/vs/platform/terminal/node/ptyHostMain.js:34:5059)
    at h.s (/home/elorrieta/.vscode-server/bin/f1b07bd25dfad64b0167beb15359ae573aecd2cc/out/vs/platform/terminal/node/ptyHostMain.js:32:5150)
    at h.q (/home/elorrieta/.vscode-server/bin/f1b07bd25dfad64b0167beb15359ae573aecd2cc/out/vs/platform/terminal/node/ptyHostMain.js:32:4661)
    at g.value (/home/elorrieta/.vscode-server/bin/f1b07bd25dfad64b0167beb15359ae573aecd2cc/out/vs/platform/terminal/node/ptyHostMain.js:32:4066)
    at n.z (/home/elorrieta/.vscode-server/bin/f1b07bd25dfad64b0167beb15359ae573aecd2cc/out/vs/platform/terminal/node/ptyHostMain.js:27:1902)
    at n.fire (/home/elorrieta/.vscode-server/bin/f1b07bd25dfad64b0167beb15359ae573aecd2cc/out/vs/platform/terminal/node/ptyHostMain.js:27:2119)
    at process.he (/home/elorrieta/.vscode-server/bin/f1b07bd25dfad64b0167beb15359ae573aecd2cc/out/vs/platform/terminal/node/ptyHostMain.js:25:9949)
    at process.emit (node:events:513:28)
    at emit (node:internal/child_process:937:14)
    at process.processTicksAndRejections (node:internal/process/task_queues:83:21)
rejected promise not handled within 1 second: CodeExpectedError: Could not find pty on pty host
stack trace: CodeExpectedError: Could not find pty on pty host
    at A.U (/home/elorrieta/.vscode-server/bin/f1b07bd25dfad64b0167beb15359ae573aecd2cc/out/vs/platform/terminal/node/ptyHostMain.js:44:32246)
    at A.updateTitle (/home/elorrieta/.vscode-server/bin/f1b07bd25dfad64b0167beb15359ae573aecd2cc/out/vs/platform/terminal/node/ptyHostMain.js:44:27446)
    at V.<computed> (/home/elorrieta/.vscode-server/bin/f1b07bd25dfad64b0167beb15359ae573aecd2cc/out/vs/platform/terminal/node/ptyHostMain.js:44:22715)
    at Object.call (/home/elorrieta/.vscode-server/bin/f1b07bd25dfad64b0167beb15359ae573aecd2cc/out/vs/platform/terminal/node/ptyHostMain.js:34:5059)
    at h.s (/home/elorrieta/.vscode-server/bin/f1b07bd25dfad64b0167beb15359ae573aecd2cc/out/vs/platform/terminal/node/ptyHostMain.js:32:5150)
    at h.q (/home/elorrieta/.vscode-server/bin/f1b07bd25dfad64b0167beb15359ae573aecd2cc/out/vs/platform/terminal/node/ptyHostMain.js:32:4661)
    at g.value (/home/elorrieta/.vscode-server/bin/f1b07bd25dfad64b0167beb15359ae573aecd2cc/out/vs/platform/terminal/node/ptyHostMain.js:32:4066)
    at n.z (/home/elorrieta/.vscode-server/bin/f1b07bd25dfad64b0167beb15359ae573aecd2cc/out/vs/platform/terminal/node/ptyHostMain.js:27:1902)
    at n.fire (/home/elorrieta/.vscode-server/bin/f1b07bd25dfad64b0167beb15359ae573aecd2cc/out/vs/platform/terminal/node/ptyHostMain.js:27:2119)
    at process.he (/home/elorrieta/.vscode-server/bin/f1b07bd25dfad64b0167beb15359ae573aecd2cc/out/vs/platform/terminal/node/ptyHostMain.js:25:9949)
    at process.emit (node:events:513:28)
    at emit (node:internal/child_process:937:14)
    at process.processTicksAndRejections (node:internal/process/task_queues:83:21)
[18:13:59] Error [CodeExpectedError]: Could not find pty on pty host
    at A.U (/home/elorrieta/.vscode-server/bin/f1b07bd25dfad64b0167beb15359ae573aecd2cc/out/vs/platform/terminal/node/ptyHostMain.js:44:32246)
    at A.updateTitle (/home/elorrieta/.vscode-server/bin/f1b07bd25dfad64b0167beb15359ae573aecd2cc/out/vs/platform/terminal/node/ptyHostMain.js:44:27446)
    at V.<computed> (/home/elorrieta/.vscode-server/bin/f1b07bd25dfad64b0167beb15359ae573aecd2cc/out/vs/platform/terminal/node/ptyHostMain.js:44:22715)
    at Object.call (/home/elorrieta/.vscode-server/bin/f1b07bd25dfad64b0167beb15359ae573aecd2cc/out/vs/platform/terminal/node/ptyHostMain.js:34:5059)
    at h.s (/home/elorrieta/.vscode-server/bin/f1b07bd25dfad64b0167beb15359ae573aecd2cc/out/vs/platform/terminal/node/ptyHostMain.js:32:5150)
    at h.q (/home/elorrieta/.vscode-server/bin/f1b07bd25dfad64b0167beb15359ae573aecd2cc/out/vs/platform/terminal/node/ptyHostMain.js:32:4661)
    at g.value (/home/elorrieta/.vscode-server/bin/f1b07bd25dfad64b0167beb15359ae573aecd2cc/out/vs/platform/terminal/node/ptyHostMain.js:32:4066)
    at n.z (/home/elorrieta/.vscode-server/bin/f1b07bd25dfad64b0167beb15359ae573aecd2cc/out/vs/platform/terminal/node/ptyHostMain.js:27:1902)
    at n.fire (/home/elorrieta/.vscode-server/bin/f1b07bd25dfad64b0167beb15359ae573aecd2cc/out/vs/platform/terminal/node/ptyHostMain.js:27:2119)
    at process.he (/home/elorrieta/.vscode-server/bin/f1b07bd25dfad64b0167beb15359ae573aecd2cc/out/vs/platform/terminal/node/ptyHostMain.js:25:9949)
    at process.emit (node:events:513:28)
    at emit (node:internal/child_process:937:14)
    at process.processTicksAndRejections (node:internal/process/task_queues:83:21)
rejected promise not handled within 1 second: CodeExpectedError: Could not find pty on pty host
stack trace: CodeExpectedError: Could not find pty on pty host
    at A.U (/home/elorrieta/.vscode-server/bin/f1b07bd25dfad64b0167beb15359ae573aecd2cc/out/vs/platform/terminal/node/ptyHostMain.js:44:32246)
    at A.updateTitle (/home/elorrieta/.vscode-server/bin/f1b07bd25dfad64b0167beb15359ae573aecd2cc/out/vs/platform/terminal/node/ptyHostMain.js:44:27446)
    at V.<computed> (/home/elorrieta/.vscode-server/bin/f1b07bd25dfad64b0167beb15359ae573aecd2cc/out/vs/platform/terminal/node/ptyHostMain.js:44:22715)
    at Object.call (/home/elorrieta/.vscode-server/bin/f1b07bd25dfad64b0167beb15359ae573aecd2cc/out/vs/platform/terminal/node/ptyHostMain.js:34:5059)
    at h.s (/home/elorrieta/.vscode-server/bin/f1b07bd25dfad64b0167beb15359ae573aecd2cc/out/vs/platform/terminal/node/ptyHostMain.js:32:5150)
    at h.q (/home/elorrieta/.vscode-server/bin/f1b07bd25dfad64b0167beb15359ae573aecd2cc/out/vs/platform/terminal/node/ptyHostMain.js:32:4661)
    at g.value (/home/elorrieta/.vscode-server/bin/f1b07bd25dfad64b0167beb15359ae573aecd2cc/out/vs/platform/terminal/node/ptyHostMain.js:32:4066)
    at n.z (/home/elorrieta/.vscode-server/bin/f1b07bd25dfad64b0167beb15359ae573aecd2cc/out/vs/platform/terminal/node/ptyHostMain.js:27:1902)
    at n.fire (/home/elorrieta/.vscode-server/bin/f1b07bd25dfad64b0167beb15359ae573aecd2cc/out/vs/platform/terminal/node/ptyHostMain.js:27:2119)
    at process.he (/home/elorrieta/.vscode-server/bin/f1b07bd25dfad64b0167beb15359ae573aecd2cc/out/vs/platform/terminal/node/ptyHostMain.js:25:9949)
    at process.emit (node:events:513:28)
    at emit (node:internal/child_process:937:14)
    at process.processTicksAndRejections (node:internal/process/task_queues:83:21)
[18:14:00] Error [CodeExpectedError]: Could not find pty on pty host
    at A.U (/home/elorrieta/.vscode-server/bin/f1b07bd25dfad64b0167beb15359ae573aecd2cc/out/vs/platform/terminal/node/ptyHostMain.js:44:32246)
    at A.updateTitle (/home/elorrieta/.vscode-server/bin/f1b07bd25dfad64b0167beb15359ae573aecd2cc/out/vs/platform/terminal/node/ptyHostMain.js:44:27446)
    at V.<computed> (/home/elorrieta/.vscode-server/bin/f1b07bd25dfad64b0167beb15359ae573aecd2cc/out/vs/platform/terminal/node/ptyHostMain.js:44:22715)
    at Object.call (/home/elorrieta/.vscode-server/bin/f1b07bd25dfad64b0167beb15359ae573aecd2cc/out/vs/platform/terminal/node/ptyHostMain.js:34:5059)
    at h.s (/home/elorrieta/.vscode-server/bin/f1b07bd25dfad64b0167beb15359ae573aecd2cc/out/vs/platform/terminal/node/ptyHostMain.js:32:5150)
    at h.q (/home/elorrieta/.vscode-server/bin/f1b07bd25dfad64b0167beb15359ae573aecd2cc/out/vs/platform/terminal/node/ptyHostMain.js:32:4661)
    at g.value (/home/elorrieta/.vscode-server/bin/f1b07bd25dfad64b0167beb15359ae573aecd2cc/out/vs/platform/terminal/node/ptyHostMain.js:32:4066)
    at n.z (/home/elorrieta/.vscode-server/bin/f1b07bd25dfad64b0167beb15359ae573aecd2cc/out/vs/platform/terminal/node/ptyHostMain.js:27:1902)
    at n.fire (/home/elorrieta/.vscode-server/bin/f1b07bd25dfad64b0167beb15359ae573aecd2cc/out/vs/platform/terminal/node/ptyHostMain.js:27:2119)
    at process.he (/home/elorrieta/.vscode-server/bin/f1b07bd25dfad64b0167beb15359ae573aecd2cc/out/vs/platform/terminal/node/ptyHostMain.js:25:9949)
    at process.emit (node:events:513:28)
    at emit (node:internal/child_process:937:14)
    at process.processTicksAndRejections (node:internal/process/task_queues:83:21)
Got delay-shutdown request while in shutdown timeout, delaying
[18:18:04] Got delay-shutdown request while in shutdown timeout, delaying
Cancelling previous shutdown timeout
[18:18:04] Cancelling previous shutdown timeout
[18:18:04] [127.0.0.1][426c7297][ManagementConnection] New connection established.
[18:18:04] [127.0.0.1][56389a1b][ExtensionHostConnection] New connection established.
[18:18:04] [127.0.0.1][56389a1b][ExtensionHostConnection] <18203> Launched Extension Host Process.
New EH opened, aborting shutdown
[18:23:04] New EH opened, aborting shutdown
[19:15:14] [127.0.0.1][426c7297][ManagementConnection] The client has disconnected gracefully, so the connection will be disposed.
[19:15:14] [127.0.0.1][56389a1b][ExtensionHostConnection] <18203> Extension Host Process exited with code: 0, signal: null.
[21:30:06] [127.0.0.1][78317924][ExtensionHostConnection] <16910> Extension Host Process exited with code: 0, signal: null.
Last EH closed, waiting before shutting down
[21:30:06] Last EH closed, waiting before shutting down
Last EH closed, shutting down
[21:35:06] Last EH closed, shutting down
